#
# There is insufficient memory for the Java Runtime Environment to continue.
# Native memory allocation (malloc) failed to allocate 262160 bytes for Chunk::new
# Possible reasons:
#   The system is out of physical RAM or swap space
#   The process is running with CompressedOops enabled, and the Java Heap may be blocking the growth of the native heap
# Possible solutions:
#   Reduce memory load on the system
#   Increase physical memory or swap space
#   Check if swap backing store is full
#   Decrease Java heap size (-Xmx/-Xms)
#   Decrease number of Java threads
#   Decrease Java thread stack sizes (-Xss)
#   Set larger code cache with -XX:ReservedCodeCacheSize=
#   JVM is running with Unscaled Compressed Oops mode in which the Java heap is
#     placed in the first 4GB address space. The Java Heap base address is the
#     maximum limit for the native heap growth. Please use -XX:HeapBaseMinAddress
#     to set the Java Heap base and to place the Java Heap above 4GB virtual address.
# This output file may be truncated or incomplete.
#
#  Out of Memory Error (allocation.cpp:389), pid=704, tid=0x0000000000003600
#
# JRE version: Java(TM) SE Runtime Environment (8.0_281-b09) (build 1.8.0_281-b09)
# Java VM: Java HotSpot(TM) 64-Bit Server VM (25.281-b09 mixed mode windows-amd64 compressed oops)
# Failed to write core dump. Minidumps are not enabled by default on client versions of Windows
#

---------------  T H R E A D  ---------------

Current thread (0x0000025361e5a000):  JavaThread "C2 CompilerThread1" daemon [_thread_in_native, id=13824, stack(0x0000007e1b700000,0x0000007e1b800000)]

Stack: [0x0000007e1b700000,0x0000007e1b800000]
Native frames: (J=compiled Java code, j=interpreted, Vv=VM code, C=native code)
V  [jvm.dll+0x32e5b9]
V  [jvm.dll+0x275012]
V  [jvm.dll+0x275cbd]
V  [jvm.dll+0x26c6f5]
V  [jvm.dll+0xd51fc]
V  [jvm.dll+0xd59fc]
V  [jvm.dll+0xd554d]
V  [jvm.dll+0x4c5d1f]
V  [jvm.dll+0x4466cb]
V  [jvm.dll+0x4dbd99]
V  [jvm.dll+0x446e56]
V  [jvm.dll+0x43f537]
V  [jvm.dll+0x42a5e7]
V  [jvm.dll+0xabe9b]
V  [jvm.dll+0xaa4fb]
V  [jvm.dll+0x23d6b2]
V  [jvm.dll+0x291cbc]
C  [ucrtbase.dll+0x29333]
C  [KERNEL32.DLL+0x1259d]
C  [ntdll.dll+0x5af78]


Current CompileTask:
C2:   2076 1585       4       javax.swing.plaf.nimbus.NimbusStyle::validate (1178 bytes)


---------------  P R O C E S S  ---------------

Java Threads: ( => current thread )
  0x000002536ca6c000 JavaThread "mysql-cj-abandoned-connection-cleanup" daemon [_thread_blocked, id=1720, stack(0x0000007e1cd00000,0x0000007e1ce00000)]
  0x000002536c7cc000 JavaThread "Image Fetcher 0" daemon [_thread_blocked, id=3836, stack(0x0000007e1c900000,0x0000007e1ca00000)]
  0x000002536c778800 JavaThread "TimerQueue" daemon [_thread_blocked, id=16500, stack(0x0000007e1c800000,0x0000007e1c900000)]
  0x000002534b766800 JavaThread "DestroyJavaVM" [_thread_blocked, id=12248, stack(0x0000007e1a800000,0x0000007e1a900000)]
  0x0000025363811000 JavaThread "AWT-EventQueue-0" [_thread_blocked, id=10984, stack(0x0000007e1bf00000,0x0000007e1c000000)]
  0x00000253637f8000 JavaThread "AWT-Windows" daemon [_thread_blocked, id=3208, stack(0x0000007e1be00000,0x0000007e1bf00000)]
  0x00000253637f7000 JavaThread "AWT-Shutdown" [_thread_blocked, id=11056, stack(0x0000007e1bd00000,0x0000007e1be00000)]
  0x00000253637f5800 JavaThread "Java2D Disposer" daemon [_thread_blocked, id=4104, stack(0x0000007e1bc00000,0x0000007e1bd00000)]
  0x0000025363230800 JavaThread "Service Thread" daemon [_thread_blocked, id=15044, stack(0x0000007e1ba00000,0x0000007e1bb00000)]
  0x0000025361e6f800 JavaThread "C1 CompilerThread3" daemon [_thread_blocked, id=11596, stack(0x0000007e1b900000,0x0000007e1ba00000)]
  0x0000025361e6a800 JavaThread "C2 CompilerThread2" daemon [_thread_blocked, id=12344, stack(0x0000007e1b800000,0x0000007e1b900000)]
=>0x0000025361e5a000 JavaThread "C2 CompilerThread1" daemon [_thread_in_native, id=13824, stack(0x0000007e1b700000,0x0000007e1b800000)]
  0x0000025361e54800 JavaThread "C2 CompilerThread0" daemon [_thread_blocked, id=17368, stack(0x0000007e1b600000,0x0000007e1b700000)]
  0x0000025361e53000 JavaThread "Attach Listener" daemon [_thread_blocked, id=17916, stack(0x0000007e1b500000,0x0000007e1b600000)]
  0x0000025361e51800 JavaThread "Signal Dispatcher" daemon [_thread_blocked, id=19152, stack(0x0000007e1b400000,0x0000007e1b500000)]
  0x000002534babb000 JavaThread "Finalizer" daemon [_thread_blocked, id=17956, stack(0x0000007e1b300000,0x0000007e1b400000)]
  0x0000025361e2a000 JavaThread "Reference Handler" daemon [_thread_blocked, id=16424, stack(0x0000007e1b200000,0x0000007e1b300000)]

Other Threads:
  0x0000025361e03800 VMThread [stack: 0x0000007e1b100000,0x0000007e1b200000] [id=11288]
  0x0000025363243000 WatcherThread [stack: 0x0000007e1bb00000,0x0000007e1bc00000] [id=17680]

VM state:at safepoint (normal execution)

VM Mutex/Monitor currently owned by a thread:  ([mutex/lock_event])
[0x000002534b7630f0] Threads_lock - owner thread: 0x0000025361e03800
[0x000002534b764a00] Heap_lock - owner thread: 0x0000025363811000

heap address: 0x000000008b800000, size: 1864 MB, Compressed Oops mode: 32-bit
Narrow klass base: 0x0000000000000000, Narrow klass shift: 3
Compressed class space size: 1073741824 Address: 0x0000000100000000

Heap:
 PSYoungGen      total 35328K, used 4601K [0x00000000d9300000, 0x00000000dba00000, 0x0000000100000000)
  eden space 30720K, 0% used [0x00000000d9300000,0x00000000d9300000,0x00000000db100000)
  from space 4608K, 99% used [0x00000000db100000,0x00000000db57e4d0,0x00000000db580000)
  to   space 4608K, 0% used [0x00000000db580000,0x00000000db580000,0x00000000dba00000)
 ParOldGen       total 80896K, used 10501K [0x000000008b800000, 0x0000000090700000, 0x00000000d9300000)
  object space 80896K, 12% used [0x000000008b800000,0x000000008c2416c8,0x0000000090700000)
 Metaspace       used 18940K, capacity 19198K, committed 19456K, reserved 1067008K
  class space    used 2430K, capacity 2541K, committed 2560K, reserved 1048576K

Card table byte_map: [0x000002535c630000,0x000002535c9e0000] byte_map_base: 0x000002535c1d4000

Marking Bits: (ParMarkBitMap*) 0x000000005bad6ff0
 Begin Bits: [0x000002535cc50000, 0x000002535e970000)
 End Bits:   [0x000002535e970000, 0x0000025360690000)

Polling page: 0x000002534b960000

CodeCache: size=245760Kb used=5184Kb max_used=5184Kb free=240575Kb
 bounds [0x000002534d270000, 0x000002534d790000, 0x000002535c270000]
 total_blobs=2228 nmethods=1646 adapters=494
 compilation: enabled

Compilation events (10 events):
Event: 2.040 Thread 0x0000025361e6f800 nmethod 1632 0x000002534d779ad0 code [0x000002534d779d20, 0x000002534d77aab0]
Event: 2.040 Thread 0x0000025361e6f800 1633       3       java.util.ArrayList::remove (69 bytes)
Event: 2.041 Thread 0x0000025361e6f800 nmethod 1633 0x000002534d77b510 code [0x000002534d77b6c0, 0x000002534d77bd50]
Event: 2.041 Thread 0x0000025361e6f800 1635       3       javax.swing.plaf.nimbus.NimbusStyle::getPainter (5 bytes)
Event: 2.041 Thread 0x0000025361e6f800 nmethod 1635 0x000002534d77c090 code [0x000002534d77c1e0, 0x000002534d77c338]
Event: 2.041 Thread 0x0000025361e6f800 1634       3       javax.swing.plaf.nimbus.ImageScalingHelper::drawChunk (182 bytes)
Event: 2.042 Thread 0x0000025361e6f800 nmethod 1634 0x000002534d77c3d0 code [0x000002534d77c580, 0x000002534d77cde0]
Event: 2.042 Thread 0x0000025361e6f800 1637       3       javax.swing.plaf.nimbus.AbstractRegionPainter::decodeAnchorX (86 bytes)
Event: 2.043 Thread 0x0000025361e6f800 nmethod 1637 0x000002534d77d0d0 code [0x000002534d77d2c0, 0x000002534d77d9a0]
Event: 2.043 Thread 0x0000025361e6f800 1638       3       javax.swing.plaf.nimbus.AbstractRegionPainter::decodeAnchorY (86 bytes)

GC Heap History (0 events):
No events

Deoptimization events (10 events):
Event: 1.226 Thread 0x0000025363811000 Uncommon trap: reason=class_check action=maybe_recompile pc=0x000002534d3e5514 method=java.lang.String.equals(Ljava/lang/Object;)Z @ 8
Event: 1.229 Thread 0x0000025363811000 Uncommon trap: reason=class_check action=maybe_recompile pc=0x000002534d3e5514 method=java.lang.String.equals(Ljava/lang/Object;)Z @ 8
Event: 1.251 Thread 0x000002536ca6c000 Uncommon trap: reason=unstable_if action=reinterpret pc=0x000002534d4bf2a4 method=java.lang.String.indexOf([CII[CIII)I @ 3
Event: 1.457 Thread 0x0000025363811000 Uncommon trap: reason=unstable_if action=reinterpret pc=0x000002534d639dfc method=java.util.Properties$LineReader.readLine()I @ 252
Event: 1.458 Thread 0x0000025363811000 Uncommon trap: reason=unstable_if action=reinterpret pc=0x000002534d636b2c method=java.util.Properties.loadConvert([CII[C)Ljava/lang/String; @ 4
Event: 1.472 Thread 0x0000025363811000 Uncommon trap: reason=class_check action=maybe_recompile pc=0x000002534d66e454 method=java.util.Properties$LineReader.readLine()I @ 410
Event: 1.721 Thread 0x0000025363811000 Uncommon trap: reason=unstable_if action=reinterpret pc=0x000002534d57ec58 method=java.util.Calendar.getSetStateFields()I @ 19
Event: 1.795 Thread 0x00000253637f8000 Uncommon trap: reason=unstable_if action=reinterpret pc=0x000002534d566264 method=sun.awt.SunToolkit.getAppContext(Ljava/lang/Object;)Lsun/awt/AppContext; @ 4
Event: 1.865 Thread 0x0000025363811000 Uncommon trap: reason=unstable_if action=reinterpret pc=0x000002534d6f6398 method=java.awt.MultipleGradientPaintContext.indexIntoGradientsArrays(F)I @ 13
Event: 1.920 Thread 0x0000025363811000 Uncommon trap: reason=unstable_if action=reinterpret pc=0x000002534d707ae0 method=java.awt.MultipleGradientPaintContext.indexIntoGradientsArrays(F)I @ 24

Classes redefined (0 events):
No events

Internal exceptions (10 events):
Event: 0.402 Thread 0x000002534b766800 Exception <a 'java/lang/ClassNotFoundException': ToggleButton> (0x00000000d97585c0) thrown at [C:\jenkins\workspace\8-2-build-windows-amd64-cygwin\jdk8u281\880\hotspot\src\share\vm\classfile\systemDictionary.cpp, line 212]
Event: 0.402 Thread 0x000002534b766800 Exception <a 'java/lang/ClassNotFoundException': javax/swing/JToolBarSeparator> (0x00000000d9758a20) thrown at [C:\jenkins\workspace\8-2-build-windows-amd64-cygwin\jdk8u281\880\hotspot\src\share\vm\classfile\systemDictionary.cpp, line 212]
Event: 0.402 Thread 0x000002534b766800 Exception <a 'java/lang/ClassNotFoundException': ToolBarSeparator> (0x00000000d9758eb8) thrown at [C:\jenkins\workspace\8-2-build-windows-amd64-cygwin\jdk8u281\880\hotspot\src\share\vm\classfile\systemDictionary.cpp, line 212]
Event: 0.402 Thread 0x000002534b766800 Exception <a 'java/lang/ClassNotFoundException': ToolTip> (0x00000000d97595f8) thrown at [C:\jenkins\workspace\8-2-build-windows-amd64-cygwin\jdk8u281\880\hotspot\src\share\vm\classfile\systemDictionary.cpp, line 212]
Event: 0.403 Thread 0x000002534b766800 Exception <a 'java/lang/ClassNotFoundException': Tree> (0x00000000d975a218) thrown at [C:\jenkins\workspace\8-2-build-windows-amd64-cygwin\jdk8u281\880\hotspot\src\share\vm\classfile\systemDictionary.cpp, line 212]
Event: 0.403 Thread 0x000002534b766800 Exception <a 'java/lang/ClassNotFoundException': Tree> (0x00000000d975a958) thrown at [C:\jenkins\workspace\8-2-build-windows-amd64-cygwin\jdk8u281\880\hotspot\src\share\vm\classfile\systemDictionary.cpp, line 212]
Event: 0.403 Thread 0x000002534b766800 Exception <a 'java/lang/ClassNotFoundException': javax/swing/JTreeCell> (0x00000000d975acd8) thrown at [C:\jenkins\workspace\8-2-build-windows-amd64-cygwin\jdk8u281\880\hotspot\src\share\vm\classfile\systemDictionary.cpp, line 212]
Event: 0.403 Thread 0x000002534b766800 Exception <a 'java/lang/ClassNotFoundException': TreeCell> (0x00000000d975b160) thrown at [C:\jenkins\workspace\8-2-build-windows-amd64-cygwin\jdk8u281\880\hotspot\src\share\vm\classfile\systemDictionary.cpp, line 212]
Event: 0.404 Thread 0x000002534b766800 Exception <a 'java/lang/ClassNotFoundException': RootPane> (0x00000000d975bbc0) thrown at [C:\jenkins\workspace\8-2-build-windows-amd64-cygwin\jdk8u281\880\hotspot\src\share\vm\classfile\systemDictionary.cpp, line 212]
Event: 0.979 Thread 0x0000025363811000 Implicit null exception at 0x000002534d4b579a to 0x000002534d4b5aa5

Events (10 events):
Event: 1.977 loading class java/awt/DefaultKeyboardFocusManager$TypeAheadMarker
Event: 1.977 loading class java/awt/DefaultKeyboardFocusManager$TypeAheadMarker done
Event: 1.977 loading class java/awt/KeyboardFocusManager$LightweightFocusRequest
Event: 1.977 loading class java/awt/KeyboardFocusManager$LightweightFocusRequest done
Event: 1.978 loading class sun/awt/CausedFocusEvent
Event: 1.978 loading class sun/awt/CausedFocusEvent done
Event: 1.984 loading class javax/swing/RepaintManager$3
Event: 1.984 loading class javax/swing/RepaintManager$3 done
Event: 2.037 Thread 0x0000025363811000 DEOPT PACKING pc=0x000002534d717ce6 sp=0x0000007e1bffb370
Event: 2.037 Thread 0x0000025363811000 DEOPT UNPACKING pc=0x000002534d2b7498 sp=0x0000007e1bffb0b0 mode 0


Dynamic libraries:
0x00007ff7a3590000 - 0x00007ff7a35d7000 	C:\Program Files\Java\jdk1.8.0_281\bin\java.exe
0x00007ff87fbb0000 - 0x00007ff87fdc8000 	C:\Windows\SYSTEM32\ntdll.dll
0x00007ff87f060000 - 0x00007ff87f124000 	C:\Windows\System32\KERNEL32.DLL
0x00007ff87cfd0000 - 0x00007ff87d3a3000 	C:\Windows\System32\KERNELBASE.dll
0x00007ff87e720000 - 0x00007ff87e7d1000 	C:\Windows\System32\ADVAPI32.dll
0x00007ff87f590000 - 0x00007ff87f637000 	C:\Windows\System32\msvcrt.dll
0x00007ff87f4e0000 - 0x00007ff87f588000 	C:\Windows\System32\sechost.dll
0x00007ff87d5c0000 - 0x00007ff87d5e8000 	C:\Windows\System32\bcrypt.dll
0x00007ff87e7e0000 - 0x00007ff87e8f8000 	C:\Windows\System32\RPCRT4.dll
0x00007ff87e950000 - 0x00007ff87eb02000 	C:\Windows\System32\USER32.dll
0x00007ff87d470000 - 0x00007ff87d496000 	C:\Windows\System32\win32u.dll
0x00007ff87e900000 - 0x00007ff87e929000 	C:\Windows\System32\GDI32.dll
0x00007ff87d4a0000 - 0x00007ff87d5bb000 	C:\Windows\System32\gdi32full.dll
0x00007ff87cf30000 - 0x00007ff87cfca000 	C:\Windows\System32\msvcp_win.dll
0x00007ff87d5f0000 - 0x00007ff87d701000 	C:\Windows\System32\ucrtbase.dll
0x00007ff870820000 - 0x00007ff870abc000 	C:\Windows\WinSxS\amd64_microsoft.windows.common-controls_6595b64144ccf1df_6.0.22621.6060_none_2712eda17382d24b\COMCTL32.dll
0x00007ff87f640000 - 0x00007ff87f671000 	C:\Windows\System32\IMM32.DLL
0x00007ff84fc60000 - 0x00007ff84fc75000 	C:\Program Files\Java\jdk1.8.0_281\jre\bin\vcruntime140.dll
0x00007ff83d4f0000 - 0x00007ff83d58b000 	C:\Program Files\Java\jdk1.8.0_281\jre\bin\msvcp140.dll
0x000000005b2f0000 - 0x000000005bb4f000 	C:\Program Files\Java\jdk1.8.0_281\jre\bin\server\jvm.dll
0x00007ff87da30000 - 0x00007ff87da38000 	C:\Windows\System32\PSAPI.DLL
0x00007ff877c50000 - 0x00007ff877c84000 	C:\Windows\SYSTEM32\WINMM.dll
0x00007ff8736a0000 - 0x00007ff8736aa000 	C:\Windows\SYSTEM32\VERSION.dll
0x00007ff8766c0000 - 0x00007ff8766c9000 	C:\Windows\SYSTEM32\WSOCK32.dll
0x00007ff87ef90000 - 0x00007ff87f001000 	C:\Windows\System32\WS2_32.dll
0x00007ff87bc40000 - 0x00007ff87bc58000 	C:\Windows\SYSTEM32\kernel.appcore.dll
0x00007ff8766b0000 - 0x00007ff8766c0000 	C:\Program Files\Java\jdk1.8.0_281\jre\bin\verify.dll
0x00007ff84fb50000 - 0x00007ff84fb7b000 	C:\Program Files\Java\jdk1.8.0_281\jre\bin\java.dll
0x00007ff8455c0000 - 0x00007ff8455d8000 	C:\Program Files\Java\jdk1.8.0_281\jre\bin\zip.dll
0x00007ff87dc50000 - 0x00007ff87e4ec000 	C:\Windows\System32\SHELL32.dll
0x00007ff87d710000 - 0x00007ff87d84f000 	C:\Windows\System32\wintypes.dll
0x00007ff87f130000 - 0x00007ff87f4c1000 	C:\Windows\System32\combase.dll
0x00007ff87ab70000 - 0x00007ff87b48a000 	C:\Windows\SYSTEM32\windows.storage.dll
0x00007ff87d920000 - 0x00007ff87da24000 	C:\Windows\System32\SHCORE.dll
0x00007ff87fb00000 - 0x00007ff87fb69000 	C:\Windows\System32\shlwapi.dll
0x00007ff87cbf0000 - 0x00007ff87cc15000 	C:\Windows\SYSTEM32\profapi.dll
0x00007ff83d590000 - 0x00007ff83d725000 	C:\Program Files\Java\jdk1.8.0_281\jre\bin\awt.dll
0x00007ff87e570000 - 0x00007ff87e648000 	C:\Windows\System32\OLEAUT32.dll
0x00007ff878780000 - 0x00007ff878817000 	C:\Windows\SYSTEM32\apphelp.dll
0x00007ff879f10000 - 0x00007ff879fc3000 	C:\Windows\system32\uxtheme.dll
0x00007ff87da50000 - 0x00007ff87dbb0000 	C:\Windows\System32\MSCTF.dll
0x00007ff87eb10000 - 0x00007ff87ecb1000 	C:\Windows\System32\ole32.dll
0x00007ff87ccc0000 - 0x00007ff87cd3b000 	C:\Windows\System32\bcryptPrimitives.dll
0x00007ff87a190000 - 0x00007ff87a1bb000 	C:\Windows\system32\DWMAPI.DLL
0x00007ff843d70000 - 0x00007ff843db9000 	C:\Program Files\Java\jdk1.8.0_281\jre\bin\fontmanager.dll
0x00007ff800ad0000 - 0x00007ff800bd0000 	C:\Windows\system32\opengl32.dll
0x00007ff802020000 - 0x00007ff80204d000 	C:\Windows\SYSTEM32\GLU32.dll
0x00007ff87a030000 - 0x00007ff87a067000 	C:\Windows\SYSTEM32\dxcore.dll
0x00007ff807970000 - 0x00007ff807b18000 	C:\Windows\system32\d3d9.dll
0x00007ff872c80000 - 0x00007ff872e3b000 	C:\Windows\System32\DriverStore\FileRepository\u0385419.inf_amd64_47359cff9fbb81e0\B385286\aticfx64.dll
0x00007fffa0a70000 - 0x00007fffa283f000 	C:\Windows\System32\DriverStore\FileRepository\u0385419.inf_amd64_47359cff9fbb81e0\B385286\amdxn64.dll
0x00007ff87f680000 - 0x00007ff87faf4000 	C:\Windows\System32\SETUPAPI.dll
0x00007ff87a080000 - 0x00007ff87a177000 	C:\Windows\SYSTEM32\dxgi.dll
0x00007ff870c30000 - 0x00007ff870c65000 	C:\Windows\SYSTEM32\amdihk64.dll
0x00007ff875490000 - 0x00007ff8754d9000 	C:\Windows\SYSTEM32\directxdatabasehelper.dll
0x00007ff845400000 - 0x00007ff84541c000 	C:\Program Files\Java\jdk1.8.0_281\jre\bin\net.dll
0x00007ff87c180000 - 0x00007ff87c1e9000 	C:\Windows\system32\mswsock.dll
0x00007ff844190000 - 0x00007ff8441a3000 	C:\Program Files\Java\jdk1.8.0_281\jre\bin\nio.dll
0x00007ff83e610000 - 0x00007ff83e653000 	C:\Program Files\Java\jdk1.8.0_281\jre\bin\t2k.dll
0x00007ff87d870000 - 0x00007ff87d920000 	C:\Windows\System32\clbcatq.dll
0x00007ff879940000 - 0x00007ff879af2000 	C:\Windows\SYSTEM32\WindowsCodecs.dll
0x00007ff84ea00000 - 0x00007ff84ea5e000 	C:\Windows\system32\dataexchange.dll
0x00007ff8737b0000 - 0x00007ff873a56000 	C:\Windows\system32\twinapi.appcore.dll
0x00007ff87b710000 - 0x00007ff87b808000 	C:\Windows\SYSTEM32\DNSAPI.dll
0x00007ff87b6e0000 - 0x00007ff87b70d000 	C:\Windows\SYSTEM32\IPHLPAPI.DLL
0x00007ff87dc40000 - 0x00007ff87dc49000 	C:\Windows\System32\NSI.dll
0x00007ff874c90000 - 0x00007ff874c9a000 	C:\Windows\System32\rasadhlp.dll
0x00007ff876050000 - 0x00007ff8760d4000 	C:\Windows\System32\fwpuclnt.dll
0x00007ff86b980000 - 0x00007ff86bac5000 	C:\Windows\SYSTEM32\textinputframework.dll
0x00007ff845ab0000 - 0x00007ff845ada000 	C:\Program Files\Java\jdk1.8.0_281\jre\bin\dcpr.dll
0x00007ff87a770000 - 0x00007ff87a9a3000 	C:\Windows\SYSTEM32\dbghelp.dll
0x00007ff877f90000 - 0x00007ff8780c3000 	C:\Windows\SYSTEM32\CoreMessaging.dll
0x00007ff874ce0000 - 0x00007ff87504c000 	C:\Windows\SYSTEM32\CoreUIComponents.dll
0x00007ff87c3f0000 - 0x00007ff87c3fc000 	C:\Windows\SYSTEM32\CRYPTBASE.DLL

VM Arguments:
jvm_args: -Dfile.encoding=UTF-8 
java_command: ukk.admin.TanggapanAdmin
java_class_path (initial): C:\Program Files\NetBeans 8.2\java\modules\ext\AbsoluteLayout.jar;C:\Users\ASUS\Downloads\plugin new\jcalendar-1.4.jar;C:\Users\ASUS\Downloads\plugin new\jasper-compiler-jdt-5.5.23.jar;C:\Users\ASUS\Downloads\plugin new\jasperreports-6.4.1.jar;C:\Users\ASUS\Downloads\plugin new\jasperreports-fonts-6.5.0.jar;C:\Users\ASUS\Downloads\plugin new\jasperreports-javaflow-6.5.0.jar;C:\Users\ASUS\Downloads\plugin new\lib\JasperReports\commons-beanutils-1.8.2.jar;C:\Users\ASUS\Downloads\plugin new\lib\JasperReports\commons-collections-3.2.1.jar;C:\Users\ASUS\Downloads\plugin new\lib\JasperReports\commons-digester-2.1.jar;C:\Users\ASUS\Downloads\plugin new\lib\JasperReports\commons-logging-1.1.jar;C:\Users\ASUS\Downloads\plugin new\lib\JasperReports\groovy-all-2.0.1.jar;C:\Users\ASUS\Downloads\plugin new\lib\JasperReports\iText-2.1.7.js2.jar;C:\Users\ASUS\Downloads\plugin new\lib\JasperReports\jasperreports-5.6.0.jar;C:\Users\ASUS\Downloads\plugin new\lib\JasperReports\org-jdesktop-layout.jar;C:\Users\ASUS\Downloads\plugin new\lib\mysql-connector-j-8.0.31.jar;C:\Users\ASUS\ukk-baru\build\classes
Launcher Type: SUN_STANDARD

Environment Variables:
PATH=C:\Program Files\Common Files\Oracle\Java\javapath;C:\Program Files (x86)\Common Files\Oracle\Java\java8path;C:\Program Files (x86)\Common Files\Oracle\Java\javapath;C:\Windows\system32;C:\Windows;C:\Windows\System32\Wbem;C:\Windows\System32\WindowsPowerShell\v1.0\;C:\Windows\System32\OpenSSH\;C:\ProgramData\chocolatey\bin;C:\ProgramData\ComposerSetup\bin;G:\Git\cmd;C:\xampp\php;%NVM_HOME%;%NVM_SYMLINK%;C:\Users\ASUS\Downloads\flutter_windows_3.24.0-stable\flutter\bin;C:\Users\ASUS\AppData\Local\Programs\Microsoft VS Code\bin;C:\ProgramFiles\nodejs;C:\Users\ASUS\AppData\Local\Android\Sdk\platform-tools;G:\xampp\php;C:\Users\ASUS\AppData\Roaming\Composer\vendor\bin;C:\Program Files\7-Zip;C:\Program Files\Git;C:\Users\ASUS\AppData\Local\Pub\Cache\bin;C:\Users\ASUS\AppData\Local\nvm;C:\nvm4w\nodejs
USERNAME=ASUS
OS=Windows_NT
PROCESSOR_IDENTIFIER=AMD64 Family 23 Model 160 Stepping 0, AuthenticAMD



---------------  S Y S T E M  ---------------

OS: Windows 10.0 , 64 bit Build 22621 (10.0.22621.5415)

CPU:total 8 (initial active 8) (8 cores per cpu, 1 threads per core) family 23 model 160 stepping 0, cmov, cx8, fxsr, mmx, sse, sse2, sse3, ssse3, sse4.1, sse4.2, popcnt, avx, avx2, aes, clmul, mmxext, 3dnowpref, lzcnt, sse4a, tsc, tscinvbit, tscinv, bmi1

Memory: 4k page, physical 7634556k(815888k free), swap 19042716k(792k free)

vm_info: Java HotSpot(TM) 64-Bit Server VM (25.281-b09) for windows-amd64 JRE (1.8.0_281-b09), built on Dec  9 2020 13:54:07 by "" with MS VC++ 15.9 (VS2017)

time: Mon Feb 16 06:49:39 2026
timezone: China Standard Time
elapsed time: 2.084605 seconds (0d 0h 0m 2s)

